C51 COMPILER V9.60.7.0   LCD                                                               03/21/2024 10:17:25 PAGE 1   


C51 COMPILER V9.60.7.0, COMPILATION OF MODULE LCD
OBJECT MODULE PLACED IN .\Objects\lcd.obj
COMPILER INVOKED BY: C:\Keil_v5\C51\BIN\C51.EXE lcd.c LARGE OPTIMIZE(8,SPEED) BROWSE DEBUG OBJECTEXTEND PRINT(.\Listings
                    -\lcd.lst) TABS(2) OBJECT(.\Objects\lcd.obj)

line level    source

   1          /*************************************************
   2          *描述：
   3          *     LCD真彩液晶屏指令设置
   4          *功能：
   5          *    1. 通过单片机串口显示数字，汉字；
   6          *    2. 液晶屏光标设置及初始化；
   7          
   8          ************************************************/
   9          #include "STC15F2K60S2.h"
  10          #include "absacc.h"
  11          #include "config.h"
  12          #include "intrins.h"
  13          
  14          void Txbyte(uchar idata i);
  15          // void Txbyte_1(uchar idata i);
  16          void Tword(uint idata i);
  17          void Tword_1(uint idata i);
  18          void TxEOF();
  19          void TxEOF_1();
  20          
  21          /**************************
  22           *  向串口2发送一个字节
  23           ***************************/
  24          void Txbyte(uchar idata i)
  25          {
  26   1          uchar idata temp = 0;
  27   1          IE2 = 0x00;  // 关串口2中断,ES2=0
  28   1          //   S2CON= S2CON&0xFD;   //B'11111101,清零串口2发送完成中断请求标志
  29   1          S2BUF = i;
  30   1          do {
  31   2              temp = S2CON;
  32   2              temp = temp & 0x02;
  33   2          } while (temp == 0);
  34   1          S2CON = S2CON & 0xFD;  // B'11111101,清零串口2发送完成中断请求标志
  35   1          IE2 = 0x01;            // 允许串口2中断,ES2=1
  36   1      }
  37          
  38          /**************************
  39           *  向串口1(DCS)发送一个字节
  40           ***************************/
  41          void T1byte(uchar idata i)
  42          {
  43   1          uchar idata temp = 0;
  44   1          IE &= 0xEF;  // 关串口1中断,ES=0
  45   1          //   S2CON= S2CON&0xFD;   //B'11111101,清零串口2发送完成中断请求标志
  46   1          SBUF = i;
  47   1          while (TI == 0)
  48   1              ;
  49   1          TI = 0;
  50   1          IE |= 0x10;  // 允许串口1中断,ES=1
  51   1      }
  52          
  53          /**************************
  54           *  向串口2发送一个字
C51 COMPILER V9.60.7.0   LCD                                                               03/21/2024 10:17:25 PAGE 2   

  55           ***************************/
  56          void Tword(uint idata i)
  57          {
  58   1          uchar idata x, y;
  59   1          x = (i / 256);
  60   1          Txbyte(x);
  61   1          y = i - 256 * x;
  62   1          Txbyte(y);
  63   1      }
  64          
  65          /****************************
  66           *    向串口2发送帧结束符
  67           *****************************/
  68          void TxEOF()  // 发送帧结束符CC 33 C3 3C
  69          {
  70   1          Txbyte(0xCC);
  71   1          Txbyte(0x33);
  72   1          Txbyte(0xC3);
  73   1          Txbyte(0x3C);
  74   1      }
  75          
  76          /****************************
  77           *      红色数字显示
  78           ******************************/
  79          void Trnumber(int idata x, int idata y, uint idata n)
  80          {
  81   1          uchar idata a, b, c, d, e;
  82   1          Txbyte(0xAA);
  83   1          Txbyte(0x98);
  84   1          Tword(x);  // x坐标
  85   1          Tword(y);  // y坐标
  86   1          Txbyte(0x24);
  87   1          Txbyte(0xC1);  // 显示背景色
  88   1          Txbyte(0x05);
  89   1          Txbyte(0xff);  // 白色
  90   1          Txbyte(0xff);  // 红色
  91   1          Txbyte(0xf8);  // 红色
  92   1          Txbyte(0x00);
  93   1          a = n / 10000;  // 数据转换成ASCII码
  94   1          b = n % 10000 / 1000;
  95   1          c = n % 10000 % 1000 / 100;
  96   1          d = n % 10000 % 1000 % 100 / 10;
  97   1          e = n % 10000 % 1000 % 100 % 10;
  98   1          if (a != 0) {
  99   2              Txbyte(a + 0x30);
 100   2              Txbyte(b + 0x30);
 101   2              Txbyte(c + 0x30);
 102   2              Txbyte(d + 0x30);
 103   2              Txbyte(e + 0x30);
 104   2          } else {
 105   2              if (b != 0) {
 106   3                  Txbyte(b + 0x30);
 107   3                  Txbyte(c + 0x30);
 108   3                  Txbyte(d + 0x30);
 109   3                  Txbyte(e + 0x30);
 110   3              } else {
 111   3                  if (c != 0) {
 112   4                      Txbyte(c + 0x30);
 113   4                      Txbyte(d + 0x30);
 114   4                      Txbyte(e + 0x30);
 115   4                  } else {
 116   4                      if (d != 0) {
C51 COMPILER V9.60.7.0   LCD                                                               03/21/2024 10:17:25 PAGE 3   

 117   5                          Txbyte(d + 0x30);
 118   5                          Txbyte(e + 0x30);
 119   5                      } else {
 120   5                          Txbyte(e + 0x30);
 121   5                      }
 122   4                  }
 123   3              }
 124   2          }
 125   1      
 126   1          TxEOF();  // 发送结束符
 127   1          shortdelay(20);
 128   1      }
 129          
 130          /****************************
 131           *      串口2数据显示
 132           ******************************/
 133          void Tnumber(int idata x, int idata y, uint idata n)
 134          {
 135   1          uchar idata a, b, c, d, e;
 136   1          Txbyte(0xAA);
 137   1          Txbyte(0x98);
 138   1          Tword(x);  // x坐标
 139   1          Tword(y);  // y坐标
 140   1          Txbyte(0x24);
 141   1          Txbyte(0x81);  // 不显示背景色
 142   1          Txbyte(0x05);
 143   1          Txbyte(0xff);
 144   1          Txbyte(0xff);
 145   1          Txbyte(0x00);
 146   1          Txbyte(0x1f);
 147   1          a = n / 10000;  // 数据转换成ASCII码
 148   1          b = n % 10000 / 1000;
 149   1          c = n % 10000 % 1000 / 100;
 150   1          d = n % 10000 % 1000 % 100 / 10;
 151   1          e = n % 10000 % 1000 % 100 % 10;
 152   1          if (a != 0) {
 153   2              Txbyte(a + 0x30);
 154   2              Txbyte(b + 0x30);
 155   2              Txbyte(c + 0x30);
 156   2              Txbyte(d + 0x30);
 157   2              Txbyte(e + 0x30);
 158   2          } else {
 159   2              if (b != 0) {
 160   3                  Txbyte(b + 0x30);
 161   3                  Txbyte(c + 0x30);
 162   3                  Txbyte(d + 0x30);
 163   3                  Txbyte(e + 0x30);
 164   3              } else {
 165   3                  if (c != 0) {
 166   4                      Txbyte(c + 0x30);
 167   4                      Txbyte(d + 0x30);
 168   4                      Txbyte(e + 0x30);
 169   4                  } else {
 170   4                      if (d != 0) {
 171   5                          Txbyte(d + 0x30);
 172   5                          Txbyte(e + 0x30);
 173   5                      } else {
 174   5                          Txbyte(e + 0x30);
 175   5                      }
 176   4                  }
 177   3              }
 178   2          }
C51 COMPILER V9.60.7.0   LCD                                                               03/21/2024 10:17:25 PAGE 4   

 179   1      
 180   1          TxEOF();  // 发送结束符
 181   1          shortdelay(20);
 182   1      }
 183          
 184          /*****************************
 185           *       红色字体显示
 186           ******************************/
 187          void Trxtext(uint idata x, uint idata y, uchar *s)
 188          {
 189   1          Txbyte(0xAA);  // 帧头0xAA
 190   1          Txbyte(0x98);  // 48*48点阵
 191   1          Tword(x);      // x坐标
 192   1          Tword(y);      // y坐标
 193   1          Txbyte(0x24);
 194   1          Txbyte(0xC1);  // 显示背景色
 195   1          Txbyte(0x05);
 196   1          Txbyte(0xff);
 197   1          Txbyte(0xff);
 198   1          Txbyte(0xf8);
 199   1          Txbyte(0x00);
 200   1          while (*s)  // 发送字符串内容
 201   1          {
 202   2              Txbyte(*s);
 203   2              s++;
 204   2          }
 205   1          TxEOF();  // 发送帧结束符
 206   1          shortdelay(20);
 207   1      }
 208          
 209          /*****************************
 210           *       串口2文本显示
 211           ******************************/
 212          void Txtext(uint idata x, uint idata y, uchar *s)
 213          {
 214   1          Txbyte(0xAA);  // 帧头0xAA
 215   1          Txbyte(0x98);  // 48*48点阵
 216   1          Tword(x);      // x坐标
 217   1          Tword(y);      // y坐标
 218   1          Txbyte(0x24);
 219   1          Txbyte(0x81);  // 不显示背景色
 220   1          Txbyte(0x05);
 221   1          Txbyte(0xff);
 222   1          Txbyte(0xff);
 223   1          Txbyte(0x00);
 224   1          Txbyte(0x1f);
 225   1          while (*s)  // 发送字符串内容
 226   1          {
 227   2              Txbyte(*s);
 228   2              s++;
 229   2          }
 230   1          TxEOF();  // 发送帧结束符
 231   1          shortdelay(20);
 232   1      }
 233          
 234          /*******************************
 235           *        串口2屏幕初始化
 236           *********************************/
 237          void Lcd_init()
 238          {
 239   1          Txtext(250, 182, "请 稍 等");
 240   1          Txtext(120, 250, "进 行 初 始 化 中");
C51 COMPILER V9.60.7.0   LCD                                                               03/21/2024 10:17:25 PAGE 5   

 241   1      }
 242          
 243          /*******************************
 244           *        串口2屏幕开机
 245           *********************************/
 246          void Lcd_Start()
 247          {
 248   1          Txtext(190, 182, "清 华 大 学");
 249   1          Txtext(50, 250, "核能与新能源技术研究院");
 250   1      }
 251          
 252          /*******************************
 253           *         串口2  清屏
 254           ********************************/
 255          void Lcd_Clear()
 256          {
 257   1          Txbyte(0xAA);
 258   1          Txbyte(0x52);
 259   1          TxEOF();
 260   1      }
 261          
 262          /*************************************
 263           *          光标打开
 264           *************************************/
 265          void Open(uint idata x, uint idata y)
 266          {
 267   1          Txbyte(0xAA);  // 帧头0xAA
 268   1          Txbyte(0x44);  // 光标显示
 269   1          Txbyte(0x01);  // 光标显示打开
 270   1          Tword(x);      // x坐标
 271   1          Tword(y);      // y坐标
 272   1          Txbyte(0x1F);
 273   1          Txbyte(0x05);
 274   1          TxEOF();
 275   1      }
 276          
 277          /*************************************
 278           *          光标关闭
 279           *************************************/
 280          void Close(uint idata x, uint idata y)
 281          {
 282   1          Txbyte(0xAA);  // 帧头0xAA
 283   1          Txbyte(0x44);  // 光标显示
 284   1          Txbyte(0x00);  // 光标显示关闭
 285   1          Tword(x);      // x坐标
 286   1          Tword(y);      // y坐标
 287   1          Txbyte(0x1B);
 288   1          Txbyte(0x05);
 289   1          TxEOF();
 290   1      }
 291          
 292          /************************************
 293           *         清除光标
 294           *************************************/
 295          void Clear()
 296          {
 297   1          Close(112 + Incdataright * 48 - 96, 128 + wb * 68 - 68);
 298   1          Close(432 + Incdataright * 48 - 96, 128 + wb * 68 - 68);
 299   1          Close(160 + Incdataright * 48 - 144, 128 + wb * 68 - 68);
 300   1          Close(480 + Incdataright * 48 - 144, 128 + wb * 68 - 68);
 301   1      }
 302          
C51 COMPILER V9.60.7.0   LCD                                                               03/21/2024 10:17:25 PAGE 6   

 303          /****************************************
 304           *          图片显示
 305           ****************************************/
 306          /*void picture()
 307          {
 308              Txbyte(0xAA);
 309              Txbyte(0x70);
 310                  Txbyte(0x01);
 311              TxEOF();
 312          }*/
 313          
 314          /*****************************
 315           *       串口2红灯显示
 316           ******************************/
 317          void WarnLed_On(uint idata x, uint idata y)
 318          {
 319   1          Txbyte(0xAA);
 320   1          Txbyte(0x9C);
 321   1          Txbyte(0x04);
 322   1          Txbyte(0x00);
 323   1          Txbyte(0x00);
 324   1          Txbyte(0x00);
 325   1          Txbyte(0x00);
 326   1          Txbyte(0x00);
 327   1          Txbyte(0x28);
 328   1          Txbyte(0x00);
 329   1          Txbyte(0x28);
 330   1          Tword(x);  // x坐标
 331   1          Tword(y);  // y坐标
 332   1          TxEOF();   // 发送帧结束符
 333   1      }
 334          
 335          /*****************************
 336           *       串口2蓝色显示
 337           ******************************/
 338          void WarnLed_Off(uint idata x, uint idata y)
 339          {
 340   1          Txbyte(0xAA);
 341   1          Txbyte(0x9C);
 342   1          Txbyte(0x05);
 343   1          Txbyte(0x00);
 344   1          Txbyte(0x00);
 345   1          Txbyte(0x00);
 346   1          Txbyte(0x00);
 347   1          Txbyte(0x00);
 348   1          Txbyte(0x30);
 349   1          Txbyte(0x00);
 350   1          Txbyte(0x30);
 351   1          Tword(x);  // x坐标
 352   1          Tword(y);  // y坐标
 353   1          TxEOF();   // 发送帧结束符
 354   1      }


MODULE INFORMATION:   STATIC OVERLAYABLE
   CODE SIZE        =   1324    ----
   CONSTANT SIZE    =     62    ----
   XDATA SIZE       =   ----      16
   PDATA SIZE       =   ----    ----
   DATA SIZE        =   ----    ----
   IDATA SIZE       =   ----      14
   BIT SIZE         =   ----    ----
C51 COMPILER V9.60.7.0   LCD                                                               03/21/2024 10:17:25 PAGE 7   

END OF MODULE INFORMATION.


C51 COMPILATION COMPLETE.  0 WARNING(S),  0 ERROR(S)
