C51 COMPILER V9.60.7.0   SERIAL                                                            03/04/2024 16:00:23 PAGE 1   


C51 COMPILER V9.60.7.0, COMPILATION OF MODULE SERIAL
OBJECT MODULE PLACED IN .\Objects\serial.obj
COMPILER INVOKED BY: C:\Keil_v5\C51\BIN\C51.EXE serial.c LARGE OPTIMIZE(8,SPEED) BROWSE DEBUG OBJECTEXTEND PRINT(.\Listi
                    -ngs\serial.lst) TABS(2) OBJECT(.\Objects\serial.obj)

line level    source

   1          /*************************************************
   2          *描述：
   3          *     单片机串口2设置
   4          *功能：
   5          *     通过串口2发送指令，在液晶屏上显示
   6          
   7          ************************************************/
   8          #include "STC15F2K60S2.h"
   9          #include "intrins.h"
  10          #include "config.h" 
  11          #include "absacc.h"
  12          
  13          #define RELOAD_COUNT  0xFA        //22.1184MHz,12T,SMOD=0,115200bps
  14          
  15          /*************************
  16          *   串口1初始化   DCS改15
  17          **************************/
  18          void serial_port_one_initial()
  19          {
  20   1          //SCON = 0x50;              //0101,0000 8位可变波特率，无奇偶校验位
  21   1          //BRT = RELOAD_COUNT;       //BRTR = 1, S1BRS = 1, EXTRAM = 1 ENABLE EXTRAM
  22   1          //AUXR = 0x15;              // T0x12,T1x12,UART_M0x6,BRTR,S2SMOD,BRTx12,EXTRAM,S1BRS
  23   1          //ES = 1;                   //允许串口中断
  24   1          //EA = 1;                   //开总中断
  25   1        SCON = 0x50;    //8位数据,可变波特率
  26   1        AUXR |= 0x40;   //定时器1时钟为Fosc,即1T
  27   1        AUXR &= 0xFE;   //串口1选择定时器1为波特率发生器
  28   1        TMOD &= 0x0F;   //设定定时器1为16位自动重装方式
  29   1        TL1 = 0x00;   //设定定时初值
  30   1        TH1 = 0xF7;   //设定定时初值
  31   1        ET1 = 0;    //禁止定时器1中断
  32   1        TR1 = 1;    //启动定时器1
  33   1      }
  34          
  35          /*************************
  36          *   串口2初始化
  37          **************************/
  38          void serial_port_two_initial()
  39          {
  40   1        //AH1*改为15系列串口二程序
  41   1          //S2CON = 0x50;             //0101,0000 8位可变波特率，无奇偶校验位,允许接收
  42   1          //BRT = RELOAD_COUNT;       // BRTR = 1, S1BRS = 1, EXTRAM = 0 ENABLE EXTRAM
  43   1          //AUXR = 0x15;              // T0x12,T1x12,UART_M0x6,BRTR,S2SMOD,BRTx12,EXTRAM,S1BRS
  44   1          //IE2 = 0x01;               //允许串口2中断,ES2=1
  45   1          //EA = 1;                   //开总中断
  46   1        S2CON = 0x50;   //8位数据,可变波特率
  47   1        AUXR |= 0x04;   //定时器2时钟为Fosc,即1T
  48   1        T2L = 0xD0;   //设定定时初值
  49   1        T2H = 0xFF;   //设定定时初值
  50   1        AUXR |= 0x10;   //启动定时器2
  51   1      }
  52          
  53          /**************************
  54          *   串口1中断
C51 COMPILER V9.60.7.0   SERIAL                                                            03/04/2024 16:00:23 PAGE 2   

  55          ***************************/
  56          void UART_one_Interrupt_Receive(void) interrupt 4
  57          {
  58   1          //if(TI)
  59   1          //{
  60   1          //  return;
  61   1        //}
  62   1        uchar data k = 0;
  63   1          k = SCON ;
  64   1          k = k&0x10;              //S1TI
  65   1          if(k == 1)       
  66   1          {
  67   2           return;    
  68   2          }
  69   1      }
  70          /**************************
  71          *   串口2中断
  72          ***************************/
  73          void UART_two_Interrupt_Receive(void) interrupt 8
  74          {
  75   1          uchar data k = 0;
  76   1          k = S2CON ;
  77   1          k = k&0x10;              //S2TI
  78   1          if(k == 1)       
  79   1          {
  80   2           return;    
  81   2          }
  82   1      }
  83          


MODULE INFORMATION:   STATIC OVERLAYABLE
   CODE SIZE        =     59    ----
   CONSTANT SIZE    =   ----    ----
   XDATA SIZE       =   ----    ----
   PDATA SIZE       =   ----    ----
   DATA SIZE        =   ----       2
   IDATA SIZE       =   ----    ----
   BIT SIZE         =   ----    ----
END OF MODULE INFORMATION.


C51 COMPILATION COMPLETE.  0 WARNING(S),  0 ERROR(S)
