C51 COMPILER V9.60.7.0   TIME0                                                             03/21/2024 10:17:26 PAGE 1   


C51 COMPILER V9.60.7.0, COMPILATION OF MODULE TIME0
OBJECT MODULE PLACED IN .\Objects\time0.obj
COMPILER INVOKED BY: C:\Keil_v5\C51\BIN\C51.EXE time0.c LARGE OPTIMIZE(8,SPEED) BROWSE DEBUG OBJECTEXTEND PRINT(.\Listin
                    -gs\time0.lst) TABS(2) OBJECT(.\Objects\time0.obj)

line level    source

   1          /************************************************************
   2          *描述：
   3          *     定时器0设置
   4          *功能：
   5          *     定时器0工作在方式1，每5ms中断一次，定时器一直开着
   6          
   7          ***********************************************************/
   8          #include "STC15F2K60S2.h"
   9          #include "absacc.h"
  10          #include "config.h"
  11          #include "intrins.h"
  12          uint NumT0;             // 8253定时中断次数,在按下测量按键后初始化为0;
  13          uint CntFlhWarnT0;      // 主机采集数据时灯闪烁定时中断次数
  14          uint CntWarn;           // LED灯闪烁定时中断次数
  15          uint CntS1Warn;         // 备用显示屏上灯闪烁定时中断次数
  16          uint CmOverTime;        // 主从机通信握手定时中断次数
  17          bit Flag_Warn_Serial1;  // 备用显示灯定时结束标识
  18          bit Flag_Tim0;          // 定时器0结束标志，默认0；
  19          bit FlagCollFall;       // 主从通信失败标志，0
  20          /*************************************
  21           *         定时器0中断程序
  22           **************************************/
  23          void Tim0(void) interrupt 1  // tim0定时结束后运行终端程序(定时中断)
  24          {
  25   1          TF0 = 0;     // 设置定时器控制定时器,重置定时器初值
  26   1          TH0 = 0xDC;  // 定时器0每5ms中断一次
  27   1          TL0 = 0x00;
  28   1          if (Flag_Mast)  // 若主从机按钮为主机
  29   1          {
  30   2              if (FlagMasColSlavOK)  // 主机采集数据时灯闪烁定时
  31   2              {
  32   3                  if (++CntFlhWarnT0 >= TimeFiveHundred)  // TimeFiveHundred=100,定时器5ms中断一次,报警灯则500ms
             -刷新一次
  33   3                  {
  34   4                      CntFlhWarnT0 = 0;
  35   4                      Flag_Warn_Led = 1;  // 灯状态开始变换标志
  36   4                  }
  37   3              }
  38   2          }
  39   1          if (Flag_Warn_Count)  // 按键测量时灯闪烁定时
  40   1          {
  41   2              if (++CntWarn >= TimeFiveHundred)  // 500ms刷新一次
  42   2              {
  43   3                  CntWarn = 0;
  44   3                  Flag_Warn_Flash = 1;  // 灯状态开始变换标志
  45   3              }
  46   2          }
  47   1          if (Flag8253Cnting)  // 8253计数定时开始标志中断,按下测量按键后=1 开始定时
  48   1          {
  49   2              if (NumT0 == 0) {
  50   3                  GATE = 1;
  51   3              }
  52   2              NumT0 = ++NumT0;
  53   2              if (NumT0 >= (200 * Refresh_Time))  // AA1*,1S钟中断200次，Redrawtime时间内中断200*Redrawtime次,即
C51 COMPILER V9.60.7.0   TIME0                                                             03/21/2024 10:17:26 PAGE 2   

             -中断1秒后执行,关闭8253门控信号
  54   2              {
  55   3                  GATE = 0;  // 关闭8253门控信号
  56   3                  NumT0 = 0;
  57   3                  Flag_Tim0 = 1;       // 计时器结束标志，在main函数中不断检测是否为1，为一时进入循环
  58   3                  Flag8253Cnting = 0;  // 定时计数标志清零
  59   3              }
  60   2          }
  61   1          if (FlagColling)  // 数据采集间隔时间定时
  62   1          {
  63   2              if (++CntColTimer >= TimeOneHundred)  // 100ms刷新一次
  64   2              {
  65   3                  FlagCollErr = 1;
  66   3                  CntColTimer = 0;
  67   3              }
  68   2          }
  69   1          if (Flag_Collateral)  // 主从机通信握手定时
  70   1          {
  71   2              if (++CmOverTime >= TimeThreeThousand) {
  72   3                  FlagCollFall = 1;
  73   3                  CmOverTime = 0;
  74   3              }
  75   2          }
  76   1      }
  77          
  78          /*************************************
  79           *         定时器0初始化
  80           **************************************/
  81          void Init_Time0()
  82          {
  83   1          TMOD = 0x01;  // 定时器0工作在方式1
  84   1          TH0 = 0xDC;   // 预置定时初值DC00H,晶振频率22.1184MHz,定时时长约5ms
  85   1          TL0 = 0x00;
  86   1          NumT0 = 0;  // 中断计数初始化
  87   1          CntFlhWarnT0 = 0;
  88   1          CntWarn = 0;
  89   1          CntS1Warn = 0;
  90   1          CmOverTime = 0;
  91   1          CntColTimer = 0;
  92   1          EA = 1;   // 开启总中断
  93   1          ET0 = 1;  // 开启定时器0使能
  94   1          TR0 = 1;  // 开启定时器0
  95   1      }


MODULE INFORMATION:   STATIC OVERLAYABLE
   CODE SIZE        =    294    ----
   CONSTANT SIZE    =   ----    ----
   XDATA SIZE       =     10    ----
   PDATA SIZE       =   ----    ----
   DATA SIZE        =   ----    ----
   IDATA SIZE       =   ----    ----
   BIT SIZE         =      3    ----
END OF MODULE INFORMATION.


C51 COMPILATION COMPLETE.  0 WARNING(S),  0 ERROR(S)
